<?xml version="1.0" encoding="UTF-8"?>
<!-- Generated by org.testng.reporters.JUnitReportReporter -->
<testsuite hostname="WaheGuru" failures="0" tests="3" name="com.crm.qa.testcases.HomePageTest" time="27.318" errors="0" timestamp="08 Oct. 2022 13:54:22 GMT" skipped="0">
  <testcase classname="com.crm.qa.testcases.HomePageTest" name="verifyHomePageTitleTest" time="6.463"/>
  <testcase classname="com.crm.qa.testcases.HomePageTest" name="verifyUserNameTest" time="10.903"/>
  <testcase classname="com.crm.qa.testcases.HomePageTest" name="verifyContactsLinkTest" time="9.952"/>
</testsuite> <!-- com.crm.qa.testcases.HomePageTest -->
