<?xml version="1.0" encoding="UTF-8"?>
<!-- Generated by org.testng.reporters.JUnitReportReporter -->
<testsuite hostname="WaheGuru" failures="0" tests="2" name="com.crm.qa.testcases.LoginPageTest" time="13.719" errors="0" timestamp="08 Oct. 2022 13:54:22 GMT" skipped="0">
  <testcase classname="com.crm.qa.testcases.LoginPageTest" name="loginPageTitleTest" time="6.726"/>
  <testcase classname="com.crm.qa.testcases.LoginPageTest" name="loginTest" time="6.993"/>
</testsuite> <!-- com.crm.qa.testcases.LoginPageTest -->
