<?xml version="1.0" encoding="UTF-8"?>
<!-- Generated by org.testng.reporters.JUnitReportReporter -->
<testsuite hostname="WaheGuru" failures="0" tests="1" name="com.crm.qa.testcases.HomePageTest" time="26.244" errors="0" timestamp="08 Oct. 2022 15:03:11 GMT" skipped="0">
  <testcase classname="com.crm.qa.testcases.HomePageTest" name="verifyHomePageTitleTest" time="26.244"/>
</testsuite> <!-- com.crm.qa.testcases.HomePageTest -->
